<?xml version="1.0" encoding="UTF-8"?>
<!-- Generated by org.testng.reporters.JUnitReportReporter -->
<testsuite hostname="DESKTOP-I5GT030" failures="0" tests="1" name="com.WebMath.AboutWebMathPage" time="2.510" errors="0" timestamp="2023-03-02T10:28:13 IST" skipped="0">
  <testcase classname="com.WebMath.AboutWebMathPage" name="aboutWebMathPage" time="2.510"/>
  <system-out/>
</testsuite> <!-- com.WebMath.AboutWebMathPage -->
