<?xml version="1.0" encoding="UTF-8"?>
<!-- Generated by org.testng.reporters.JUnitReportReporter -->
<testsuite hostname="DESKTOP-I5GT030" failures="0" tests="1" name="webMathProject.AboutWebMathPage" time="4.877" errors="0" timestamp="2023-03-02T19:38:10 IST" skipped="0">
  <testcase classname="webMathProject.AboutWebMathPage" name="aboutWebMathPage" time="4.877"/>
  <system-out/>
</testsuite> <!-- webMathProject.AboutWebMathPage -->
