<?xml version="1.0" encoding="UTF-8"?>
<!-- Generated by org.testng.reporters.JUnitReportReporter -->
<testsuite hostname="DESKTOP-I5GT030" failures="0" tests="1" name="com.WebMath.HomePage" time="1.699" errors="0" timestamp="2023-03-01T23:22:49 IST" skipped="0">
  <testcase classname="com.WebMath.HomePage" name="homePage" time="1.699"/>
  <system-out/>
</testsuite> <!-- com.WebMath.HomePage -->
