<?xml version="1.0" encoding="UTF-8"?>
<!-- Generated by org.testng.reporters.JUnitReportReporter -->
<testsuite hostname="DESKTOP-I5GT030" failures="0" tests="1" name="com.WebMath.OtherMathStuffPage" time="1.714" errors="0" timestamp="2023-03-02T10:06:26 IST" skipped="0">
  <testcase classname="com.WebMath.OtherMathStuffPage" name="otherMathStuffPage" time="1.714"/>
  <system-out/>
</testsuite> <!-- com.WebMath.OtherMathStuffPage -->
