<?xml version="1.0" encoding="UTF-8"?>
<!-- Generated by org.testng.reporters.JUnitReportReporter -->
<testsuite hostname="DESKTOP-I5GT030" failures="0" tests="1" name="com.WebMath.AlgebraPage" time="1.708" errors="0" timestamp="2023-03-02T09:44:35 IST" skipped="0">
  <testcase classname="com.WebMath.AlgebraPage" name="algebraPage" time="1.708"/>
  <system-out/>
</testsuite> <!-- com.WebMath.AlgebraPage -->
