<?xml version="1.0" encoding="UTF-8"?>
<!-- Generated by org.testng.reporters.JUnitReportReporter -->
<testsuite hostname="DESKTOP-I5GT030" failures="0" tests="1" name="com.WebMath.WhyWebmathPage" time="1.622" errors="0" timestamp="2023-03-02T14:49:28 IST" skipped="0">
  <testcase classname="com.WebMath.WhyWebmathPage" name="whyWebmathPage" time="1.622"/>
  <system-out/>
</testsuite> <!-- com.WebMath.WhyWebmathPage -->
