<?xml version="1.0" encoding="UTF-8"?>
<!-- Generated by org.testng.reporters.JUnitReportReporter -->
<testsuite hostname="DESKTOP-I5GT030" failures="0" tests="1" name="com.WebMath.PrivacyPolicyPage" time="12.083" errors="0" timestamp="2023-03-02T11:52:42 IST" skipped="0">
  <testcase classname="com.WebMath.PrivacyPolicyPage" name="privacyPolicyPage" time="12.083"/>
  <system-out/>
</testsuite> <!-- com.WebMath.PrivacyPolicyPage -->
