<?xml version="1.0" encoding="UTF-8"?>
<!-- Generated by org.testng.reporters.JUnitReportReporter -->
<testsuite hostname="DESKTOP-I5GT030" failures="0" tests="1" name="com.WebMath.UnitsConversionsOnAreas" time="1.906" errors="0" timestamp="2023-03-02T14:39:01 IST" skipped="0">
  <testcase classname="com.WebMath.UnitsConversionsOnAreas" name="unitsConversionsOnAreas" time="1.906"/>
  <system-out/>
</testsuite> <!-- com.WebMath.UnitsConversionsOnAreas -->
