<?xml version="1.0" encoding="UTF-8"?>
<!-- Generated by org.testng.reporters.JUnitReportReporter -->
<testsuite hostname="DESKTOP-I5GT030" failures="0" tests="1" name="com.WebMath.NewTest" time="0.021" errors="0" timestamp="2023-03-01T21:29:51 IST" skipped="0">
  <testcase classname="com.WebMath.NewTest" name="f" time="0.021"/>
  <system-out/>
</testsuite> <!-- com.WebMath.NewTest -->
