<?xml version="1.0" encoding="UTF-8"?>
<!-- Generated by org.testng.reporters.JUnitReportReporter -->
<testsuite hostname="DESKTOP-I5GT030" failures="0" tests="1" name="com.WebMath.GeneralMathPage" time="1.676" errors="0" timestamp="2023-03-01T23:47:53 IST" skipped="0">
  <testcase classname="com.WebMath.GeneralMathPage" name="generalMathPage" time="1.676"/>
  <system-out/>
</testsuite> <!-- com.WebMath.GeneralMathPage -->
