<?xml version="1.0" encoding="UTF-8"?>
<!-- Generated by org.testng.reporters.JUnitReportReporter -->
<testsuite hostname="DESKTOP-I5GT030" failures="0" tests="1" name="com.WebMath.ContactUsPage" time="2.431" errors="0" timestamp="2023-03-02T10:24:12 IST" skipped="0">
  <testcase classname="com.WebMath.ContactUsPage" name="contactUsPage" time="2.431"/>
  <system-out/>
</testsuite> <!-- com.WebMath.ContactUsPage -->
