<?xml version="1.0" encoding="UTF-8"?>
<!-- Generated by org.testng.reporters.JUnitReportReporter -->
<testsuite hostname="DESKTOP-I5GT030" failures="0" tests="1" name="com.WebMath.WebsiteMapPage" time="1.606" errors="0" timestamp="2023-03-02T11:37:51 IST" skipped="0">
  <testcase classname="com.WebMath.WebsiteMapPage" name="websiteMapPage" time="1.606"/>
  <system-out/>
</testsuite> <!-- com.WebMath.WebsiteMapPage -->
