<?xml version="1.0" encoding="UTF-8"?>
<!-- Generated by org.testng.reporters.JUnitReportReporter -->
<testsuite hostname="DESKTOP-I5GT030" failures="0" tests="1" name="com.WebMath.TitleTest" time="2.074" errors="0" timestamp="2023-03-02T12:33:20 IST" skipped="0">
  <testcase classname="com.WebMath.TitleTest" name="titleTest" time="2.074"/>
  <system-out/>
</testsuite> <!-- com.WebMath.TitleTest -->
