<?xml version="1.0" encoding="UTF-8"?>
<!-- Generated by org.testng.reporters.JUnitReportReporter -->
<testsuite hostname="DESKTOP-I5GT030" failures="0" tests="1" name="com.WebMath.TrigonometryAndCalculusPage" time="1.972" errors="0" timestamp="2023-03-02T10:00:49 IST" skipped="0">
  <testcase classname="com.WebMath.TrigonometryAndCalculusPage" name="trigonometryAndCalculusPage" time="1.972"/>
  <system-out/>
</testsuite> <!-- com.WebMath.TrigonometryAndCalculusPage -->
