<?xml version="1.0" encoding="UTF-8"?>
<!-- Generated by org.testng.reporters.JUnitReportReporter -->
<testsuite hostname="DESKTOP-I5GT030" failures="0" tests="1" name="webMathProject.UnitsConversionsOnAreas" time="3.383" errors="0" timestamp="2023-03-02T20:23:29 IST" skipped="0">
  <testcase classname="webMathProject.UnitsConversionsOnAreas" name="unitsConversionsOnLength" time="3.383"/>
  <system-out/>
</testsuite> <!-- webMathProject.UnitsConversionsOnAreas -->
