<?xml version="1.0" encoding="UTF-8"?>
<!-- Generated by org.testng.reporters.JUnitReportReporter -->
<testsuite hostname="DESKTOP-I5GT030" failures="0" tests="1" name="com.WebMath.WebMathPage" time="1.861" errors="0" timestamp="2023-03-02T10:18:48 IST" skipped="0">
  <testcase classname="com.WebMath.WebMathPage" name="webMathPage" time="1.861"/>
  <system-out/>
</testsuite> <!-- com.WebMath.WebMathPage -->
