<?xml version="1.0" encoding="UTF-8"?>
<!-- Generated by org.testng.reporters.JUnitReportReporter -->
<testsuite hostname="DESKTOP-I5GT030" failures="0" tests="1" name="webMathProject.UnitsConversionsOnLength" time="7.663" errors="0" timestamp="2023-03-02T21:14:14 IST" skipped="0">
  <testcase classname="webMathProject.UnitsConversionsOnLength" name="unitsConversionsOnLength" time="7.663"/>
  <system-out/>
</testsuite> <!-- webMathProject.UnitsConversionsOnLength -->
