<?xml version="1.0" encoding="UTF-8"?>
<!-- Generated by org.testng.reporters.JUnitReportReporter -->
<testsuite hostname="DESKTOP-I5GT030" failures="0" tests="1" name="com.WebMath.KindergartenMathPage" time="1.573" errors="0" timestamp="2023-03-02T09:37:54 IST" skipped="0">
  <testcase classname="com.WebMath.KindergartenMathPage" name="kindergartenMathPage" time="1.573"/>
  <system-out/>
</testsuite> <!-- com.WebMath.KindergartenMathPage -->
