<?xml version="1.0" encoding="UTF-8"?>
<!-- Generated by org.testng.reporters.JUnitReportReporter -->
<testsuite hostname="DESKTOP-I5GT030" failures="0" tests="1" name="com.WebMath.AdvertisementTest" time="3.205" errors="0" timestamp="2023-03-02T13:51:41 IST" skipped="0">
  <testcase classname="com.WebMath.AdvertisementTest" name="advertisementTest" time="3.205"/>
  <system-out/>
</testsuite> <!-- com.WebMath.AdvertisementTest -->
